#
# There is insufficient memory for the Java Runtime Environment to continue.
# Native memory allocation (malloc) failed to allocate 727936 bytes for Chunk::new
# Possible reasons:
#   The system is out of physical RAM or swap space
#   In 32 bit mode, the process size limit was hit
# Possible solutions:
#   Reduce memory load on the system
#   Increase physical memory or swap space
#   Check if swap backing store is full
#   Use 64 bit Java on a 64 bit OS
#   Decrease Java heap size (-Xmx/-Xms)
#   Decrease number of Java threads
#   Decrease Java thread stack sizes (-Xss)
#   Set larger code cache with -XX:ReservedCodeCacheSize=
# This output file may be truncated or incomplete.
#
#  Out of Memory Error (allocation.cpp:390), pid=9596, tid=1556
#
# JRE version: Java(TM) SE Runtime Environment (8.0_65-b17) (build 1.8.0_65-b17)
# Java VM: Java HotSpot(TM) 64-Bit Server VM (25.65-b01 mixed mode windows-amd64 compressed oops)
# Failed to write core dump. Minidumps are not enabled by default on client versions of Windows
#

---------------  T H R E A D  ---------------

Current thread (0x00000000149d1000):  JavaThread "C2 CompilerThread1" daemon [_thread_in_native, id=1556, stack(0x0000000016130000,0x0000000016230000)]

Stack: [0x0000000016130000,0x0000000016230000]
[error occurred during error reporting (printing stack bounds), id 0xc0000005]

Native frames: (J=compiled Java code, j=interpreted, Vv=VM code, C=native code)


Current CompileTask:
C2:   4485 1298       4       com.android.dx.ssa.LocalVariableExtractor::processBlock (383 bytes)


---------------  P R O C E S S  ---------------

Java Threads: ( => current thread )
  0x00000000164a5800 JavaThread "pool-1-thread-4" [_thread_blocked, id=15652, stack(0x0000000016d30000,0x0000000016e30000)]
  0x00000000164a4800 JavaThread "pool-1-thread-3" [_thread_blocked, id=7988, stack(0x0000000016c30000,0x0000000016d30000)]
  0x00000000164a4000 JavaThread "pool-1-thread-2" [_thread_blocked, id=6268, stack(0x0000000016b30000,0x0000000016c30000)]
  0x00000000164a1800 JavaThread "pool-2-thread-1" [_thread_blocked, id=12072, stack(0x0000000016a30000,0x0000000016b30000)]
  0x00000000164a0800 JavaThread "pool-1-thread-1" [_thread_blocked, id=18188, stack(0x0000000016930000,0x0000000016a30000)]
  0x000000001623f800 JavaThread "Service Thread" daemon [_thread_blocked, id=9944, stack(0x0000000016730000,0x0000000016830000)]
  0x0000000016238800 JavaThread "C1 CompilerThread2" daemon [_thread_blocked, id=12916, stack(0x0000000016630000,0x0000000016730000)]
=>0x00000000149d1000 JavaThread "C2 CompilerThread1" daemon [_thread_in_native, id=1556, stack(0x0000000016130000,0x0000000016230000)]
  0x00000000149cb800 JavaThread "C2 CompilerThread0" daemon [_thread_in_native, id=5168, stack(0x0000000016030000,0x0000000016130000)]
  0x00000000149c8800 JavaThread "Attach Listener" daemon [_thread_blocked, id=11324, stack(0x0000000015f30000,0x0000000016030000)]
  0x00000000149c7800 JavaThread "Signal Dispatcher" daemon [_thread_blocked, id=8392, stack(0x0000000015e30000,0x0000000015f30000)]
  0x00000000022f0800 JavaThread "Finalizer" daemon [_thread_blocked, id=8572, stack(0x0000000015c30000,0x0000000015d30000)]
  0x00000000022ed000 JavaThread "Reference Handler" daemon [_thread_blocked, id=8656, stack(0x0000000015b30000,0x0000000015c30000)]
  0x00000000007ae000 JavaThread "main" [_thread_in_Java, id=16092, stack(0x0000000002100000,0x0000000002200000)]

Other Threads:
  0x0000000014998000 VMThread [stack: 0x0000000015a30000,0x0000000015b30000] [id=13668]
  0x000000001624c800 WatcherThread [stack: 0x0000000016830000,0x0000000016930000] [id=12328]

VM state:not at safepoint (normal execution)

VM Mutex/Monitor currently owned by a thread: None

Heap:
 PSYoungGen      total 38400K, used 20092K [0x00000000eab00000, 0x00000000ef600000, 0x0000000100000000)
  eden space 33280K, 45% used [0x00000000eab00000,0x00000000eb9a3498,0x00000000ecb80000)
  from space 5120K, 99% used [0x00000000ecb80000,0x00000000ed07bc50,0x00000000ed080000)
  to   space 5120K, 0% used [0x00000000ef100000,0x00000000ef100000,0x00000000ef600000)
 ParOldGen       total 87552K, used 1419K [0x00000000c0000000, 0x00000000c5580000, 0x00000000eab00000)
  object space 87552K, 1% used [0x00000000c0000000,0x00000000c0162d78,0x00000000c5580000)
 Metaspace       used 6087K, capacity 6960K, committed 7040K, reserved 1056768K
  class space    used 602K, capacity 616K, committed 640K, reserved 1048576K

Card table byte_map: [0x00000000116c0000,0x00000000118d0000] byte_map_base: 0x00000000110c0000

Marking Bits: (ParMarkBitMap*) 0x0000000070d6a5b0
 Begin Bits: [0x0000000011e30000, 0x0000000012e30000)
 End Bits:   [0x0000000012e30000, 0x0000000013e30000)

Polling page: 0x0000000000450000

CodeCache: size=245760Kb used=5426Kb max_used=5426Kb free=240333Kb
 bounds [0x0000000002300000, 0x0000000002860000, 0x0000000011300000]
 total_blobs=1606 nmethods=1337 adapters=182
 compilation: enabled

Compilation events (10 events):
Event: 4.425 Thread 0x0000000016238800 nmethod 1327 0x0000000002838190 code [0x0000000002838420, 0x0000000002839568]
Event: 4.425 Thread 0x0000000016238800 1322       3       com.android.dx.ssa.PhiInsn::predBlockIndexForSourcesIndex (15 bytes)
Event: 4.426 Thread 0x0000000016238800 nmethod 1322 0x000000000282ea50 code [0x000000000282ec00, 0x000000000282f0d8]
Event: 4.426 Thread 0x0000000016238800 1326       3       com.android.dx.rop.cst.CstString::equals (24 bytes)
Event: 4.426 Thread 0x0000000016238800 nmethod 1326 0x0000000002839d90 code [0x0000000002839f00, 0x000000000283a348]
Event: 4.426 Thread 0x0000000016238800 1325       3       com.android.dx.rop.cst.CstNat::equals (48 bytes)
Event: 4.427 Thread 0x0000000016238800 nmethod 1325 0x000000000283a450 code [0x000000000283a620, 0x000000000283b018]
Event: 4.427 Thread 0x0000000016238800 1329       3       com.android.dx.ssa.ConstCollector::getConstsSortedByCountUse (386 bytes)
Event: 4.432 Thread 0x0000000016238800 nmethod 1329 0x000000000283b290 code [0x000000000283b880, 0x000000000283fda8]
Event: 4.432 Thread 0x0000000016238800 1332       3       com.android.dx.ssa.ConstCollector::updateConstUses (248 bytes)

GC Heap History (2 events):
Event: 3.695 GC heap before
{Heap before GC invocations=1 (full 0):
 PSYoungGen      total 38400K, used 33280K [0x00000000eab00000, 0x00000000ed580000, 0x0000000100000000)
  eden space 33280K, 100% used [0x00000000eab00000,0x00000000ecb80000,0x00000000ecb80000)
  from space 5120K, 0% used [0x00000000ed080000,0x00000000ed080000,0x00000000ed580000)
  to   space 5120K, 0% used [0x00000000ecb80000,0x00000000ecb80000,0x00000000ed080000)
 ParOldGen       total 87552K, used 0K [0x00000000c0000000, 0x00000000c5580000, 0x00000000eab00000)
  object space 87552K, 0% used [0x00000000c0000000,0x00000000c0000000,0x00000000c5580000)
 Metaspace       used 5998K, capacity 6896K, committed 7040K, reserved 1056768K
  class space    used 602K, capacity 616K, committed 640K, reserved 1048576K
Event: 3.899 GC heap after
Heap after GC invocations=1 (full 0):
 PSYoungGen      total 38400K, used 5103K [0x00000000eab00000, 0x00000000ef600000, 0x0000000100000000)
  eden space 33280K, 0% used [0x00000000eab00000,0x00000000eab00000,0x00000000ecb80000)
  from space 5120K, 99% used [0x00000000ecb80000,0x00000000ed07bc50,0x00000000ed080000)
  to   space 5120K, 0% used [0x00000000ef100000,0x00000000ef100000,0x00000000ef600000)
 ParOldGen       total 87552K, used 1419K [0x00000000c0000000, 0x00000000c5580000, 0x00000000eab00000)
  object space 87552K, 1% used [0x00000000c0000000,0x00000000c0162d78,0x00000000c5580000)
 Metaspace       used 5998K, capacity 6896K, committed 7040K, reserved 1056768K
  class space    used 602K, capacity 616K, committed 640K, reserved 1048576K
}

Deoptimization events (3 events):
Event: 2.650 Thread 0x00000000164a5800 Uncommon trap: reason=null_check action=make_not_entrant pc=0x0000000002605e68 method=com.android.dx.ssa.SsaRenamer.getLocalForNewReg(I)Lcom/android/dx/rop/code/LocalItem; @ 19
Event: 4.046 Thread 0x00000000164a0800 Uncommon trap: reason=unstable_if action=reinterpret pc=0x00000000025be960 method=com.android.dx.rop.code.RegisterSpec.equals(ILcom/android/dx/rop/type/TypeBearer;Lcom/android/dx/rop/code/LocalItem;)Z @ 42
Event: 4.399 Thread 0x00000000007ae000 Uncommon trap: reason=unstable_if action=reinterpret pc=0x00000000026a0d1c method=com.android.dx.rop.cst.Constant.compareTo(Lcom/android/dx/rop/cst/Constant;)I @ 12

Internal exceptions (3 events):
Event: 0.163 Thread 0x00000000007ae000 Exception <a 'java/lang/NoSuchMethodError': Method sun.misc.Unsafe.defineClass(Ljava/lang/String;[BII)Ljava/lang/Class; name or signature does not match> (0x00000000eab0d798) thrown at [C:\workspace\8-2-build-windows-amd64-cygwin\jdk8u65\4987\hotspot\src\s×¬ž¼ïÄ?
Event: 0.164 Thread 0x00000000007ae000 Exception <a 'java/lang/NoSuchMethodError': Method sun.misc.Unsafe.prefetchRead(Ljava/lang/Object;J)V name or signature does not match> (0x00000000eab0da80) thrown at [C:\workspace\8-2-build-windows-amd64-cygwin\jdk8u65\4987\hotspot\src\share\vm\prims\jni.sw¼ÚÉ3@
Event: 2.650 Thread 0x00000000164a5800 Implicit null exception at 0x0000000002604243 to 0x0000000002605e25

Events (10 events):
Event: 3.682 Executing VM operation: ParallelGCFailedAllocation
Event: 3.899 Executing VM operation: ParallelGCFailedAllocation done
Event: 4.046 Thread 0x00000000164a0800 Uncommon trap: trap_request=0xffffff65 fr.pc=0x00000000025be960
Event: 4.046 Thread 0x00000000164a0800 DEOPT PACKING pc=0x00000000025be960 sp=0x0000000016a2e7c0
Event: 4.046 Thread 0x00000000164a0800 DEOPT UNPACKING pc=0x000000000234582a sp=0x0000000016a2e748 mode 2
Event: 4.399 Thread 0x00000000007ae000 Uncommon trap: trap_request=0xffffff65 fr.pc=0x00000000026a0d1c
Event: 4.399 Thread 0x00000000007ae000 DEOPT PACKING pc=0x00000000026a0d1c sp=0x00000000021fe330
Event: 4.399 Thread 0x00000000007ae000 DEOPT UNPACKING pc=0x000000000234582a sp=0x00000000021fe2d0 mode 2
Event: 4.416 Executing VM operation: EnableBiasedLocking
Event: 4.416 Executing VM operation: EnableBiasedLocking done


Dynamic libraries:
0x00007ff676030000 - 0x00007ff676067000 	C:\Program Files\Java\jdk1.8.0_65\bin\java.exe
0x00007ff94bf40000 - 0x00007ff94c101000 	C:\WINDOWS\SYSTEM32\ntdll.dll
0x00007ff94be90000 - 0x00007ff94bf3d000 	C:\WINDOWS\system32\KERNEL32.DLL
0x00007ff9487c0000 - 0x00007ff9489a8000 	C:\WINDOWS\system32\KERNELBASE.dll
0x00007ff94ab90000 - 0x00007ff94ac37000 	C:\WINDOWS\system32\ADVAPI32.dll
0x00007ff94bc70000 - 0x00007ff94bd0d000 	C:\WINDOWS\system32\msvcrt.dll
0x00007ff94be30000 - 0x00007ff94be8b000 	C:\WINDOWS\system32\sechost.dll
0x00007ff94b9d0000 - 0x00007ff94baec000 	C:\WINDOWS\system32\RPCRT4.dll
0x00007ff94a8a0000 - 0x00007ff94a9f6000 	C:\WINDOWS\system32\USER32.dll
0x00007ff94aa00000 - 0x00007ff94ab86000 	C:\WINDOWS\system32\GDI32.dll
0x00007ff943620000 - 0x00007ff943894000 	C:\WINDOWS\WinSxS\amd64_microsoft.windows.common-controls_6595b64144ccf1df_6.0.10586.0_none_8c15ae12515e1c22\COMCTL32.dll
0x00007ff94acf0000 - 0x00007ff94af6d000 	C:\WINDOWS\system32\combase.dll
0x00007ff9489d0000 - 0x00007ff948a3a000 	C:\WINDOWS\system32\bcryptPrimitives.dll
0x00007ff94acb0000 - 0x00007ff94aceb000 	C:\WINDOWS\system32\IMM32.DLL
0x0000000070000000 - 0x00000000700d2000 	C:\Program Files\Java\jdk1.8.0_65\jre\bin\msvcr100.dll
0x0000000070560000 - 0x0000000070de9000 	C:\Program Files\Java\jdk1.8.0_65\jre\bin\server\jvm.dll
0x00007ff94bd10000 - 0x00007ff94bd18000 	C:\WINDOWS\system32\PSAPI.DLL
0x00007ff944550000 - 0x00007ff944559000 	C:\WINDOWS\SYSTEM32\WSOCK32.dll
0x00007ff94bc00000 - 0x00007ff94bc6b000 	C:\WINDOWS\system32\WS2_32.dll
0x00007ff9459c0000 - 0x00007ff9459e3000 	C:\WINDOWS\SYSTEM32\WINMM.dll
0x00007ff93e7a0000 - 0x00007ff93e7aa000 	C:\WINDOWS\SYSTEM32\VERSION.dll
0x00007ff945840000 - 0x00007ff94586c000 	C:\WINDOWS\SYSTEM32\WINMMBASE.dll
0x00007ff9492f0000 - 0x00007ff949333000 	C:\WINDOWS\system32\cfgmgr32.dll
0x0000000070470000 - 0x000000007047f000 	C:\Program Files\Java\jdk1.8.0_65\jre\bin\verify.dll
0x0000000070440000 - 0x0000000070469000 	C:\Program Files\Java\jdk1.8.0_65\jre\bin\java.dll
0x0000000070420000 - 0x0000000070436000 	C:\Program Files\Java\jdk1.8.0_65\jre\bin\zip.dll
0x00007ff949340000 - 0x00007ff94a89f000 	C:\WINDOWS\system32\SHELL32.dll
0x00007ff948a40000 - 0x00007ff949084000 	C:\WINDOWS\system32\windows.storage.dll
0x00007ff94b810000 - 0x00007ff94b862000 	C:\WINDOWS\system32\shlwapi.dll
0x00007ff948590000 - 0x00007ff94859f000 	C:\WINDOWS\system32\kernel.appcore.dll
0x00007ff949090000 - 0x00007ff949145000 	C:\WINDOWS\system32\shcore.dll
0x00007ff9485a0000 - 0x00007ff9485eb000 	C:\WINDOWS\system32\powrprof.dll
0x00007ff948560000 - 0x00007ff948574000 	C:\WINDOWS\system32\profapi.dll

VM Arguments:
jvm_args: -Djava.awt.headless=true -Xmx1024M -Dfile.encoding=windows-1252 -Duser.country=PE -Duser.language=es -Duser.variant 
java_command: com.android.dx.command.Main --dex --num-threads=4 --output D:\AndroidProjects\Reto3Final\app\build\intermediates\pre-dexed\debug\com.android.support-appcompat-v7-23.1.1_c131ec17d7e6505c86a51ebfbdb1fa1478c63c8c.jar D:\AndroidProjects\Reto3Final\app\build\intermediates\exploded-aar\com.android.support\appcompat-v7\23.1.1\jars\classes.jar
java_class_path (initial): D:\Android\sdk\build-tools\23.0.2\lib\dx.jar
Launcher Type: SUN_STANDARD

Environment Variables:
PATH=C:\ProgramData\Oracle\Java\javapath;C:\Program Files (x86)\Intel\iCLS Client\;C:\Program Files\Intel\iCLS Client\;C:\Program Files (x86)\AMD APP\bin\x86_64;C:\Program Files (x86)\AMD APP\bin\x86;C:\WINDOWS\system32;C:\WINDOWS;C:\WINDOWS\System32\Wbem;C:\WINDOWS\System32\WindowsPowerShell\v1.0\;C:\Program Files (x86)\Windows Live\Shared;C:\Program Files (x86)\Intel\OpenCL SDK\3.0\bin\x86;C:\Program Files (x86)\Intel\OpenCL SDK\3.0\bin\x64;C:\Program Files (x86)\ATI Technologies\ATI.ACE\Core-Static;C:\Program Files\Intel\Intel(R) Management Engine Components\DAL;C:\Program Files\Intel\Intel(R) Management Engine Components\IPT;C:\Program Files (x86)\Intel\Intel(R) Management Engine Components\DAL;C:\Program Files (x86)\Intel\Intel(R) Management Engine Components\IPT;C:\Program Files (x86)\GtkSharp\2.12\bin;C:\Program Files (x86)\nodejs\;C:\MinGW\bin;C:\Users\Cesar M\AppData\Roaming\npm
USERNAME=Cesar M
OS=Windows_NT
PROCESSOR_IDENTIFIER=Intel64 Family 6 Model 58 Stepping 9, GenuineIntel



---------------  S Y S T E M  ---------------

OS: Windows 10.0 , 64 bit Build 10586 (10.0.10586.0)

CPU:total 4 (2 cores per cpu, 2 threads per core) family 6 model 58 stepping 9, cmov, cx8, fxsr, mmx, sse, sse2, sse3, ssse3, sse4.1, sse4.2, popcnt, avx, aes, clmul, erms, ht, tsc, tscinvbit, tscinv

Memory: 4k page, physical 8278296k(1323800k free), swap 8278296k(5368k free)

vm_info: Java HotSpot(TM) 64-Bit Server VM (25.65-b01) for windows-amd64 JRE (1.8.0_65-b17), built on Oct  6 2015 16:39:20 by "java_re" with MS VC++ 10.0 (VS2010)

time: Tue Feb 16 22:41:20 2016
elapsed time: 4 seconds (0d 0h 0m 4s)

