#
# There is insufficient memory for the Java Runtime Environment to continue.
# Native memory allocation (malloc) failed to allocate 223056 bytes for Chunk::new
# Possible reasons:
#   The system is out of physical RAM or swap space
#   In 32 bit mode, the process size limit was hit
# Possible solutions:
#   Reduce memory load on the system
#   Increase physical memory or swap space
#   Check if swap backing store is full
#   Use 64 bit Java on a 64 bit OS
#   Decrease Java heap size (-Xmx/-Xms)
#   Decrease number of Java threads
#   Decrease Java thread stack sizes (-Xss)
#   Set larger code cache with -XX:ReservedCodeCacheSize=
# This output file may be truncated or incomplete.
#
#  Out of Memory Error (allocation.cpp:390), pid=11220, tid=10716
#
# JRE version: Java(TM) SE Runtime Environment (8.0_65-b17) (build 1.8.0_65-b17)
# Java VM: Java HotSpot(TM) 64-Bit Server VM (25.65-b01 mixed mode windows-amd64 compressed oops)
# Failed to write core dump. Minidumps are not enabled by default on client versions of Windows
#

---------------  T H R E A D  ---------------

Current thread (0x00000000149c6000):  JavaThread "C2 CompilerThread1" daemon [_thread_in_native, id=10716, stack(0x00000000160c0000,0x00000000161c0000)]

Stack: [0x00000000160c0000,0x00000000161c0000]
[error occurred during error reporting (printing stack bounds), id 0xc0000005]

Native frames: (J=compiled Java code, j=interpreted, Vv=VM code, C=native code)


Current CompileTask:
C2:   4524 1433       4       com.android.dx.ssa.MoveParamCombiner$1::visitNonMoveInsn (213 bytes)


---------------  P R O C E S S  ---------------

Java Threads: ( => current thread )
  0x0000000016543800 JavaThread "pool-1-thread-4" [_thread_blocked, id=4836, stack(0x0000000016cc0000,0x0000000016dc0000)]
  0x000000001653b000 JavaThread "pool-1-thread-3" [_thread_in_Java, id=14332, stack(0x0000000016bc0000,0x0000000016cc0000)]
  0x0000000016538000 JavaThread "pool-1-thread-2" [_thread_blocked, id=9744, stack(0x0000000016ac0000,0x0000000016bc0000)]
  0x0000000016511000 JavaThread "pool-2-thread-1" [_thread_blocked, id=16152, stack(0x00000000169c0000,0x0000000016ac0000)]
  0x0000000016510000 JavaThread "pool-1-thread-1" [_thread_blocked, id=9620, stack(0x00000000168c0000,0x00000000169c0000)]
  0x00000000162c5800 JavaThread "Service Thread" daemon [_thread_blocked, id=5680, stack(0x00000000166c0000,0x00000000167c0000)]
  0x00000000149cc000 JavaThread "C1 CompilerThread2" daemon [_thread_blocked, id=4992, stack(0x00000000161c0000,0x00000000162c0000)]
=>0x00000000149c6000 JavaThread "C2 CompilerThread1" daemon [_thread_in_native, id=10716, stack(0x00000000160c0000,0x00000000161c0000)]
  0x000000001496a800 JavaThread "C2 CompilerThread0" daemon [_thread_in_native, id=2148, stack(0x0000000015fc0000,0x00000000160c0000)]
  0x0000000014967800 JavaThread "Attach Listener" daemon [_thread_blocked, id=15136, stack(0x0000000015ec0000,0x0000000015fc0000)]
  0x0000000014966800 JavaThread "Signal Dispatcher" daemon [_thread_blocked, id=14424, stack(0x0000000015dc0000,0x0000000015ec0000)]
  0x0000000002290800 JavaThread "Finalizer" daemon [_thread_blocked, id=13504, stack(0x0000000015bc0000,0x0000000015cc0000)]
  0x000000000228d000 JavaThread "Reference Handler" daemon [_thread_blocked, id=5316, stack(0x0000000015ac0000,0x0000000015bc0000)]
  0x000000000044e000 JavaThread "main" [_thread_blocked, id=2728, stack(0x00000000020a0000,0x00000000021a0000)]

Other Threads:
  0x0000000014938000 VMThread [stack: 0x00000000159c0000,0x0000000015ac0000] [id=6720]
  0x00000000162dc000 WatcherThread [stack: 0x00000000167c0000,0x00000000168c0000] [id=6212]

VM state:not at safepoint (normal execution)

VM Mutex/Monitor currently owned by a thread: None

Heap:
 PSYoungGen      total 38400K, used 33325K [0x00000000eab00000, 0x00000000ef600000, 0x0000000100000000)
  eden space 33280K, 84% used [0x00000000eab00000,0x00000000ec68da38,0x00000000ecb80000)
  from space 5120K, 99% used [0x00000000ecb80000,0x00000000ed07dc88,0x00000000ed080000)
  to   space 5120K, 0% used [0x00000000ef100000,0x00000000ef100000,0x00000000ef600000)
 ParOldGen       total 87552K, used 2217K [0x00000000c0000000, 0x00000000c5580000, 0x00000000eab00000)
  object space 87552K, 2% used [0x00000000c0000000,0x00000000c022a4a0,0x00000000c5580000)
 Metaspace       used 6103K, capacity 7024K, committed 7296K, reserved 1056768K
  class space    used 599K, capacity 616K, committed 640K, reserved 1048576K

Card table byte_map: [0x0000000011660000,0x0000000011870000] byte_map_base: 0x0000000011060000

Marking Bits: (ParMarkBitMap*) 0x0000000070d6a5b0
 Begin Bits: [0x0000000011dd0000, 0x0000000012dd0000)
 End Bits:   [0x0000000012dd0000, 0x0000000013dd0000)

Polling page: 0x0000000000430000

CodeCache: size=245760Kb used=6051Kb max_used=6051Kb free=239708Kb
 bounds [0x00000000022a0000, 0x0000000002890000, 0x00000000112a0000]
 total_blobs=1729 nmethods=1460 adapters=182
 compilation: enabled

Compilation events (10 events):
Event: 4.515 Thread 0x00000000149cc000 nmethod 1470 0x0000000002887990 code [0x0000000002887b00, 0x0000000002887d70]
Event: 4.515 Thread 0x00000000149cc000 1471       3       com.android.dx.cf.code.BaseMachine::popArgs (137 bytes)
Event: 4.517 Thread 0x00000000149cc000 nmethod 1471 0x0000000002887e50 code [0x00000000028881c0, 0x0000000002889bc8]
Event: 4.519 Thread 0x00000000149cc000 1474       3       com.android.dx.ssa.LiteralOpUpgrader$1::visitPhiInsn (1 bytes)
Event: 4.519 Thread 0x00000000149cc000 nmethod 1474 0x000000000285a410 code [0x000000000285a560, 0x000000000285a6b0]
Event: 4.519 Thread 0x00000000149cc000 1476       3       com.android.dx.ssa.back.SsaToRop$PhiVisitor::visitPhiInsn (67 bytes)
Event: 4.520 Thread 0x00000000149cc000 nmethod 1476 0x000000000288a950 code [0x000000000288abc0, 0x000000000288bbc8]
Event: 4.520 Thread 0x00000000149cc000 1477       3       com.android.dx.rop.code.Rops::pickIf (154 bytes)
Event: 4.522 Thread 0x00000000149cc000 nmethod 1477 0x000000000288c7d0 code [0x000000000288ca60, 0x000000000288dbd8]
Event: 4.522 Thread 0x00000000149cc000 1475       3       com.android.dx.ssa.back.FirstFitLocalCombiningAllocator$1::visitPhiInsn (6 bytes)

GC Heap History (2 events):
Event: 3.628 GC heap before
{Heap before GC invocations=1 (full 0):
 PSYoungGen      total 38400K, used 33280K [0x00000000eab00000, 0x00000000ed580000, 0x0000000100000000)
  eden space 33280K, 100% used [0x00000000eab00000,0x00000000ecb80000,0x00000000ecb80000)
  from space 5120K, 0% used [0x00000000ed080000,0x00000000ed080000,0x00000000ed580000)
  to   space 5120K, 0% used [0x00000000ecb80000,0x00000000ecb80000,0x00000000ed080000)
 ParOldGen       total 87552K, used 0K [0x00000000c0000000, 0x00000000c5580000, 0x00000000eab00000)
  object space 87552K, 0% used [0x00000000c0000000,0x00000000c0000000,0x00000000c5580000)
 Metaspace       used 6009K, capacity 6896K, committed 7040K, reserved 1056768K
  class space    used 599K, capacity 616K, committed 640K, reserved 1048576K
Event: 3.708 GC heap after
Heap after GC invocations=1 (full 0):
 PSYoungGen      total 38400K, used 5111K [0x00000000eab00000, 0x00000000ef600000, 0x0000000100000000)
  eden space 33280K, 0% used [0x00000000eab00000,0x00000000eab00000,0x00000000ecb80000)
  from space 5120K, 99% used [0x00000000ecb80000,0x00000000ed07dc88,0x00000000ed080000)
  to   space 5120K, 0% used [0x00000000ef100000,0x00000000ef100000,0x00000000ef600000)
 ParOldGen       total 87552K, used 2217K [0x00000000c0000000, 0x00000000c5580000, 0x00000000eab00000)
  object space 87552K, 2% used [0x00000000c0000000,0x00000000c022a4a0,0x00000000c5580000)
 Metaspace       used 6009K, capacity 6896K, committed 7040K, reserved 1056768K
  class space    used 599K, capacity 616K, committed 640K, reserved 1048576K
}

Deoptimization events (9 events):
Event: 2.131 Thread 0x000000001653b000 Uncommon trap: reason=unstable_if action=reinterpret pc=0x00000000024baf30 method=java.util.BitSet.nextSetBit(I)I @ 87
Event: 2.442 Thread 0x000000000044e000 Uncommon trap: reason=unstable_if action=reinterpret pc=0x0000000002581254 method=java.lang.String.<init>([CII)V @ 18
Event: 2.451 Thread 0x000000001653b000 Uncommon trap: reason=null_check action=make_not_entrant pc=0x00000000025bb9e0 method=com.android.dx.rop.type.Type.equals(Ljava/lang/Object;)Z @ 8
Event: 2.995 Thread 0x000000000044e000 Uncommon trap: reason=class_check action=maybe_recompile pc=0x000000000256f854 method=com.android.dx.ssa.NormalSsaInsn.accept(Lcom/android/dx/ssa/SsaInsn$Visitor;)V @ 9
Event: 2.995 Thread 0x000000000044e000 Uncommon trap: reason=class_check action=maybe_recompile pc=0x000000000256f854 method=com.android.dx.ssa.NormalSsaInsn.accept(Lcom/android/dx/ssa/SsaInsn$Visitor;)V @ 9
Event: 2.995 Thread 0x000000000044e000 Uncommon trap: reason=class_check action=maybe_recompile pc=0x000000000256f854 method=com.android.dx.ssa.NormalSsaInsn.accept(Lcom/android/dx/ssa/SsaInsn$Visitor;)V @ 9
Event: 2.995 Thread 0x000000000044e000 Uncommon trap: reason=class_check action=maybe_recompile pc=0x000000000256f854 method=com.android.dx.ssa.NormalSsaInsn.accept(Lcom/android/dx/ssa/SsaInsn$Visitor;)V @ 9
Event: 2.995 Thread 0x000000000044e000 Uncommon trap: reason=class_check action=maybe_recompile pc=0x0000000002529bb0 method=com.android.dx.ssa.NormalSsaInsn.accept(Lcom/android/dx/ssa/SsaInsn$Visitor;)V @ 9
Event: 3.840 Thread 0x0000000016543800 Uncommon trap: reason=class_check action=maybe_recompile pc=0x000000000275b9e8 method=com.android.dx.ssa.NormalSsaInsn.accept(Lcom/android/dx/ssa/SsaInsn$Visitor;)V @ 9

Internal exceptions (3 events):
Event: 0.167 Thread 0x000000000044e000 Exception <a 'java/lang/NoSuchMethodError': Method sun.misc.Unsafe.defineClass(Ljava/lang/String;[BII)Ljava/lang/Class; name or signature does not match> (0x00000000eab0d6e0) thrown at [C:\workspace\8-2-build-windows-amd64-cygwin\jdk8u65\4987\hotspot\src\s3ç®Ã\Å?
Event: 0.167 Thread 0x000000000044e000 Exception <a 'java/lang/NoSuchMethodError': Method sun.misc.Unsafe.prefetchRead(Ljava/lang/Object;J)V name or signature does not match> (0x00000000eab0d9c8) thrown at [C:\workspace\8-2-build-windows-amd64-cygwin\jdk8u65\4987\hotspot\src\share\vm\prims\jni.u˜Úy
œ@
Event: 2.451 Thread 0x000000001653b000 Implicit null exception at 0x00000000025bb8e2 to 0x00000000025bb9d2

Events (10 events):
Event: 2.995 Thread 0x000000000044e000 DEOPT UNPACKING pc=0x00000000022e582a sp=0x000000000219e450 mode 2
Event: 3.428 Thread 0x000000001653b000 DEOPT PACKING pc=0x00000000026516ba sp=0x0000000016cbebe0
Event: 3.428 Thread 0x000000001653b000 DEOPT UNPACKING pc=0x00000000022e787f sp=0x0000000016cbe948 mode 0
Event: 3.628 Executing VM operation: ParallelGCFailedAllocation
Event: 3.708 Executing VM operation: ParallelGCFailedAllocation done
Event: 3.840 Thread 0x0000000016543800 Uncommon trap: trap_request=0xffffffde fr.pc=0x000000000275b9e8
Event: 3.840 Thread 0x0000000016543800 DEOPT PACKING pc=0x000000000275b9e8 sp=0x0000000016dbe8b0
Event: 3.840 Thread 0x0000000016543800 DEOPT UNPACKING pc=0x00000000022e582a sp=0x0000000016dbe7e0 mode 2
Event: 4.398 Executing VM operation: EnableBiasedLocking
Event: 4.459 Executing VM operation: EnableBiasedLocking done


Dynamic libraries:
0x00007ff676030000 - 0x00007ff676067000 	C:\Program Files\Java\jdk1.8.0_65\bin\java.exe
0x00007ff94bf40000 - 0x00007ff94c101000 	C:\WINDOWS\SYSTEM32\ntdll.dll
0x00007ff94be90000 - 0x00007ff94bf3d000 	C:\WINDOWS\system32\KERNEL32.DLL
0x00007ff9487c0000 - 0x00007ff9489a8000 	C:\WINDOWS\system32\KERNELBASE.dll
0x00007ff94ab90000 - 0x00007ff94ac37000 	C:\WINDOWS\system32\ADVAPI32.dll
0x00007ff94bc70000 - 0x00007ff94bd0d000 	C:\WINDOWS\system32\msvcrt.dll
0x00007ff94be30000 - 0x00007ff94be8b000 	C:\WINDOWS\system32\sechost.dll
0x00007ff94b9d0000 - 0x00007ff94baec000 	C:\WINDOWS\system32\RPCRT4.dll
0x00007ff94a8a0000 - 0x00007ff94a9f6000 	C:\WINDOWS\system32\USER32.dll
0x00007ff94aa00000 - 0x00007ff94ab86000 	C:\WINDOWS\system32\GDI32.dll
0x00007ff943620000 - 0x00007ff943894000 	C:\WINDOWS\WinSxS\amd64_microsoft.windows.common-controls_6595b64144ccf1df_6.0.10586.0_none_8c15ae12515e1c22\COMCTL32.dll
0x00007ff94acf0000 - 0x00007ff94af6d000 	C:\WINDOWS\system32\combase.dll
0x00007ff9489d0000 - 0x00007ff948a3a000 	C:\WINDOWS\system32\bcryptPrimitives.dll
0x00007ff94acb0000 - 0x00007ff94aceb000 	C:\WINDOWS\system32\IMM32.DLL
0x0000000070000000 - 0x00000000700d2000 	C:\Program Files\Java\jdk1.8.0_65\jre\bin\msvcr100.dll
0x0000000070560000 - 0x0000000070de9000 	C:\Program Files\Java\jdk1.8.0_65\jre\bin\server\jvm.dll
0x00007ff94bd10000 - 0x00007ff94bd18000 	C:\WINDOWS\system32\PSAPI.DLL
0x00007ff944550000 - 0x00007ff944559000 	C:\WINDOWS\SYSTEM32\WSOCK32.dll
0x00007ff94bc00000 - 0x00007ff94bc6b000 	C:\WINDOWS\system32\WS2_32.dll
0x00007ff9459c0000 - 0x00007ff9459e3000 	C:\WINDOWS\SYSTEM32\WINMM.dll
0x00007ff93e7a0000 - 0x00007ff93e7aa000 	C:\WINDOWS\SYSTEM32\VERSION.dll
0x00007ff945840000 - 0x00007ff94586c000 	C:\WINDOWS\SYSTEM32\WINMMBASE.dll
0x00007ff9492f0000 - 0x00007ff949333000 	C:\WINDOWS\system32\cfgmgr32.dll
0x0000000070470000 - 0x000000007047f000 	C:\Program Files\Java\jdk1.8.0_65\jre\bin\verify.dll
0x0000000070440000 - 0x0000000070469000 	C:\Program Files\Java\jdk1.8.0_65\jre\bin\java.dll
0x0000000070420000 - 0x0000000070436000 	C:\Program Files\Java\jdk1.8.0_65\jre\bin\zip.dll
0x00007ff949340000 - 0x00007ff94a89f000 	C:\WINDOWS\system32\SHELL32.dll
0x00007ff948a40000 - 0x00007ff949084000 	C:\WINDOWS\system32\windows.storage.dll
0x00007ff94b810000 - 0x00007ff94b862000 	C:\WINDOWS\system32\shlwapi.dll
0x00007ff948590000 - 0x00007ff94859f000 	C:\WINDOWS\system32\kernel.appcore.dll
0x00007ff949090000 - 0x00007ff949145000 	C:\WINDOWS\system32\shcore.dll
0x00007ff9485a0000 - 0x00007ff9485eb000 	C:\WINDOWS\system32\powrprof.dll
0x00007ff948560000 - 0x00007ff948574000 	C:\WINDOWS\system32\profapi.dll

VM Arguments:
jvm_args: -Djava.awt.headless=true -Xmx1024M -Dfile.encoding=windows-1252 -Duser.country=PE -Duser.language=es -Duser.variant 
java_command: com.android.dx.command.Main --dex --num-threads=4 --output D:\AndroidProjects\Reto3Final\app\build\intermediates\pre-dexed\debug\retrofit-1.9.0_17761353371e04d55471f288097b00d73567b3b4.jar D:\AndroidProjects\Reto3Final\app\libs\retrofit-1.9.0.jar
java_class_path (initial): D:\Android\sdk\build-tools\23.0.2\lib\dx.jar
Launcher Type: SUN_STANDARD

Environment Variables:
PATH=C:\ProgramData\Oracle\Java\javapath;C:\Program Files (x86)\Intel\iCLS Client\;C:\Program Files\Intel\iCLS Client\;C:\Program Files (x86)\AMD APP\bin\x86_64;C:\Program Files (x86)\AMD APP\bin\x86;C:\WINDOWS\system32;C:\WINDOWS;C:\WINDOWS\System32\Wbem;C:\WINDOWS\System32\WindowsPowerShell\v1.0\;C:\Program Files (x86)\Windows Live\Shared;C:\Program Files (x86)\Intel\OpenCL SDK\3.0\bin\x86;C:\Program Files (x86)\Intel\OpenCL SDK\3.0\bin\x64;C:\Program Files (x86)\ATI Technologies\ATI.ACE\Core-Static;C:\Program Files\Intel\Intel(R) Management Engine Components\DAL;C:\Program Files\Intel\Intel(R) Management Engine Components\IPT;C:\Program Files (x86)\Intel\Intel(R) Management Engine Components\DAL;C:\Program Files (x86)\Intel\Intel(R) Management Engine Components\IPT;C:\Program Files (x86)\GtkSharp\2.12\bin;C:\Program Files (x86)\nodejs\;C:\MinGW\bin;C:\Users\Cesar M\AppData\Roaming\npm
USERNAME=Cesar M
OS=Windows_NT
PROCESSOR_IDENTIFIER=Intel64 Family 6 Model 58 Stepping 9, GenuineIntel



---------------  S Y S T E M  ---------------

OS: Windows 10.0 , 64 bit Build 10586 (10.0.10586.0)

CPU:total 4 (2 cores per cpu, 2 threads per core) family 6 model 58 stepping 9, cmov, cx8, fxsr, mmx, sse, sse2, sse3, ssse3, sse4.1, sse4.2, popcnt, avx, aes, clmul, erms, ht, tsc, tscinvbit, tscinv

Memory: 4k page, physical 8278296k(1323800k free), swap 8278296k(5368k free)

vm_info: Java HotSpot(TM) 64-Bit Server VM (25.65-b01) for windows-amd64 JRE (1.8.0_65-b17), built on Oct  6 2015 16:39:20 by "java_re" with MS VC++ 10.0 (VS2010)

time: Tue Feb 16 22:41:20 2016
elapsed time: 4 seconds (0d 0h 0m 4s)

